<?xml version="1.0" encoding="UTF-8"?>
<!-- Generated by org.testng.reporters.JUnitReportReporter -->
<testsuite hostname="LAPTOP-5LTLQDNP" failures="0" tests="1" name="selenium.NewTest" time="45.150" errors="0" timestamp="2020-03-18T23:43:57 IST" skipped="0">
  <testcase classname="selenium.NewTest" name="PurchaseProduct" time="45.150"/>
  <system-out/>
</testsuite> <!-- selenium.NewTest -->
