<?xml version="1.0" encoding="UTF-8"?>
<!-- Generated by org.testng.reporters.JUnitReportReporter -->
<testsuite skipped="0" hostname="LAPTOP-5LTLQDNP" name="selenium.NewTest" tests="1" failures="0" timestamp="2020-03-20T15:52:39 IST" time="53.763" errors="0">
  <testcase name="Amazonproduct" time="53.763" classname="selenium.NewTest"/>
  <system-out/>
</testsuite> <!-- selenium.NewTest -->
