<?xml version="1.0" encoding="UTF-8"?>
<!-- Generated by org.testng.reporters.JUnitReportReporter -->
<testsuite hostname="LAPTOP-5LTLQDNP" failures="0" tests="1" name="selenium.NewTest" time="48.996" errors="0" timestamp="2020-03-19T14:55:46 IST" skipped="0">
  <testcase classname="selenium.NewTest" name="PurchaseProduct" time="48.996"/>
  <system-out/>
</testsuite> <!-- selenium.NewTest -->
